========================================
Ejecutando Zero-Shot NLI
Modelo: mdeberta
Task ID: 4
Fecha: Fri 13 Feb 2026 09:14:00 AM UTC
========================================

======================================================================
ZERO-SHOT NLI CLASSIFIER - EXPLICIT CONTENT DETECTION
======================================================================
🚀 GPU detectada: NVIDIA A100-SXM4-40GB (39.4 GB VRAM)

📂 Cargando dataset desde: results/lyrics/lyrics_10k.csv
   Filas totales: 8674
   Distribución: 1855 explicit (21.4%) | 6819 clean (78.6%)

🔧 Cargando modelo: MoritzLaurer/mDeBERTa-v3-base-mnli-xnli
   mDeBERTa V3 Base multilingual NLI (280M params)
   ✅ Modelo cargado correctamente

🔄 Ejecutando inferencia con chunking inteligente...
   Template: 'This song contains {}.'
   Labels: ['profanity, sexual content, violence, drugs, or hate speech', 'clean and family-friendly content']
   Max tokens/chunk: 450
   Overlap tokens: 50
   Estrategia: ANY-POSITIVE (si algún chunk es explícito → canción explícita)

📊 Estadísticas de chunking:
   Total chunks procesados: 13382
   Promedio chunks/canción: 1.54
   Máximo chunks en una canción: 9
   Canciones divididas en múltiples chunks: 3538 (40.8%)
======================================================================
INFORME DE CLASIFICACIÓN ZERO-SHOT NLI
======================================================================

Modelo: mdeberta
ID: MoritzLaurer/mDeBERTa-v3-base-mnli-xnli
Descripción: mDeBERTa V3 Base multilingual NLI (280M params)
Fecha: 2026-02-13 09:31:23

Hypothesis Template: "This song contains {}."
Candidate Labels: ['profanity, sexual content, violence, drugs, or hate speech', 'clean and family-friendly content']

======================================================================
ESTRATEGIA DE CHUNKING
======================================================================

Estrategia: ANY-POSITIVE (si algún chunk es explícito → canción explícita)
Max tokens por chunk: 450
Overlap tokens: 50

Estadísticas:
  - Total chunks procesados:     13382
  - Promedio chunks/canción:     1.54
  - Máximo chunks en una canción: 9
  - Canciones con múltiples chunks: 3538 (40.8%)

======================================================================
MÉTRICAS DE CLASIFICACIÓN
======================================================================

Accuracy:  0.7861
Precision: 0.0000
Recall:    0.0000
F1-Score:  0.0000
AUC-ROC:   0.3859

======================================================================
MATRIZ DE CONFUSIÓN
======================================================================

                    Predicted
                 No (Clean)  Yes (Explicit)
Actual No (Clean)      6819             0
Actual Yes (Explicit)  1855             0

Interpretación:
  - True Negatives (TN):    6819 (Clean clasificado como Clean)
  - False Positives (FP):      0 (Clean clasificado como Explicit)
  - False Negatives (FN):   1855 (Explicit clasificado como Clean)
  - True Positives (TP):       0 (Explicit clasificado como Explicit)

======================================================================
TIEMPOS DE EJECUCIÓN
======================================================================

Muestras procesadas: 8674
Tiempo total:        1012.78 segundos
Tiempo promedio:     116.76 ms/muestra
Velocidad:           8.6 muestras/segundo

======================================================================

📄 Informe guardado en: results/zeroshot_mdeberta.txt
📊 Predicciones guardadas en: results/lyrics/lyrics_10k_predictions_zeroshot_mdeberta.csv

✅ Ejecución completada exitosamente
========================================
Finalizado: mdeberta
Tiempo: Fri 13 Feb 2026 09:31:29 AM UTC
========================================
